1736438429066	geckodriver	INFO	Listening on 127.0.0.1:52939
1736438429083	mozrunner::runner	INFO	Running command: MOZ_CRASHREPORTER="1" MOZ_CRASHREPORTER_NO_REPORT="1" MOZ_CRASHREPORTER_SHUTDOWN="1" MOZ_NO_REMOTE="1" "/App ... s" "localhost" "-foreground" "-no-remote" "-profile" "/var/folders/4p/1x9hkv8d6xx_p28hn6sgsv1r0000gn/T/rust_mozprofileKRcVXy"
console.warn: services.settings: Ignoring preference override of remote settings server
console.warn: services.settings: Allow by setting MOZ_REMOTE_SETTINGS_DEVTOOLS=1 in the environment
1736438429354	Marionette	INFO	Marionette enabled
console.error: "Warning: unrecognized command line flag" "-remote-allow-hosts"
1736438429698	Marionette	INFO	Listening on port 52947
WebDriver BiDi listening on ws://127.0.0.1:52940
Read port: 52947
1736438429919	RemoteAgent	WARN	TLS certificate errors will be ignored for this session
2025-01-09 17:00:30.261 firefox[5567:135746] +[IMKClient subclass]: chose IMKClient_Modern
2025-01-09 17:00:30.261 firefox[5567:135746] +[IMKInputSession subclass]: chose IMKInputSession_Modern
UNSUPPORTED (log once): POSSIBLE ISSUE: unit 1 GLD_TEXTURE_INDEX_2D is unloadable and bound to sampler type (Float) - using zero texture because texture unloadable
DevTools listening on ws://127.0.0.1:52940/devtools/browser/24dd92b9-12f2-4551-a2e1-0fdcbe14b753
JavaScript error: resource:///modules/sessionstore/SessionStore.sys.mjs, line 3883: TypeError: winData is undefined
1736445433585	Marionette	INFO	Stopped listening on port 52947
console.error: "Failed to fetch https://spocs.getpocket.com/user:" "NetworkError when attempting to fetch resource."
console.warn: TopSitesFeed: Failed to fetch data from Contile server: NetworkError when attempting to fetch resource.
console.error: ({})
console.error: ({})
